# JRE version: OpenJDK Runtime Environment (8.0_212-b04) (build 1.8.0_212-release-1586-b04)
# Java VM: OpenJDK 64-Bit Server VM (25.212-b04 mixed mode windows-amd64 compressed oops)
Heap:
 PSYoungGen      total 172544K, used 86834K [0x00000000e0000000, 0x00000000ee280000, 0x0000000100000000)
  eden space 154624K, 44% used [0x00000000e0000000,0x00000000e4351608,0x00000000e9700000)
  from space 17920K, 99% used [0x00000000eb600000,0x00000000ec77b550,0x00000000ec780000)
  to   space 31744K, 0% used [0x00000000e9700000,0x00000000e9700000,0x00000000eb600000)
 ParOldGen       total 92672K, used 63750K [0x00000000a0000000, 0x00000000a5a80000, 0x00000000e0000000)
  object space 92672K, 68% used [0x00000000a0000000,0x00000000a3e41ae0,0x00000000a5a80000)
 Metaspace       used 74348K, capacity 77286K, committed 77528K, reserved 1116160K
  class space    used 10253K, capacity 10858K, committed 10968K, reserved 1048576K
GC Heap History (10 events):
Event: 54.389 GC heap before
{Heap before GC invocations=17 (full 2):
 PSYoungGen      total 113664K, used 111453K [0x00000000e0000000, 0x00000000e7d00000, 0x0000000100000000)
  eden space 102400K, 100% used [0x00000000e0000000,0x00000000e6400000,0x00000000e6400000)
  from space 11264K, 80% used [0x00000000e7200000,0x00000000e7ad7598,0x00000000e7d00000)
  to   space 12800K, 0% used [0x00000000e6400000,0x00000000e6400000,0x00000000e7080000)
 ParOldGen       total 61440K, used 19700K [0x00000000a0000000, 0x00000000a3c00000, 0x00000000e0000000)
  object space 61440K, 32% used [0x00000000a0000000,0x00000000a133d388,0x00000000a3c00000)
 Metaspace       used 56570K, capacity 58446K, committed 58752K, reserved 1099776K
  class space    used 7795K, capacity 8226K, committed 8320K, reserved 1048576K
Event: 54.455 GC heap after
Heap after GC invocations=17 (full 2):
 PSYoungGen      total 115200K, used 11952K [0x00000000e0000000, 0x00000000ea680000, 0x0000000100000000)
  eden space 102400K, 0% used [0x00000000e0000000,0x00000000e0000000,0x00000000e6400000)
  from space 12800K, 93% used [0x00000000e6400000,0x00000000e6fac120,0x00000000e7080000)
  to   space 14336K, 0% used [0x00000000e9880000,0x00000000e9880000,0x00000000ea680000)
 ParOldGen       total 61440K, used 24602K [0x00000000a0000000, 0x00000000a3c00000, 0x00000000e0000000)
  object space 61440K, 40% used [0x00000000a0000000,0x00000000a18069a8,0x00000000a3c00000)
 Metaspace       used 56570K, capacity 58446K, committed 58752K, reserved 1099776K
  class space    used 7795K, capacity 8226K, committed 8320K, reserved 1048576K
}
Event: 54.843 GC heap before
{Heap before GC invocations=18 (full 2):
 PSYoungGen      total 115200K, used 20001K [0x00000000e0000000, 0x00000000ea680000, 0x0000000100000000)
  eden space 102400K, 7% used [0x00000000e0000000,0x00000000e07dc428,0x00000000e6400000)
  from space 12800K, 93% used [0x00000000e6400000,0x00000000e6fac120,0x00000000e7080000)
  to   space 14336K, 0% used [0x00000000e9880000,0x00000000e9880000,0x00000000ea680000)
 ParOldGen       total 61440K, used 24602K [0x00000000a0000000, 0x00000000a3c00000, 0x00000000e0000000)
  object space 61440K, 40% used [0x00000000a0000000,0x00000000a18069a8,0x00000000a3c00000)
 Metaspace       used 57023K, capacity 59034K, committed 59096K, reserved 1099776K
  class space    used 7879K, capacity 8356K, committed 8408K, reserved 1048576K
Event: 54.860 GC heap after
Heap after GC invocations=18 (full 2):
 PSYoungGen      total 156160K, used 1088K [0x00000000e0000000, 0x00000000eab80000, 0x0000000100000000)
  eden space 141824K, 0% used [0x00000000e0000000,0x00000000e0000000,0x00000000e8a80000)
  from space 14336K, 7% used [0x00000000e9880000,0x00000000e9990010,0x00000000ea680000)
  to   space 14336K, 0% used [0x00000000e8a80000,0x00000000e8a80000,0x00000000e9880000)
 ParOldGen       total 61440K, used 30669K [0x00000000a0000000, 0x00000000a3c00000, 0x00000000e0000000)
  object space 61440K, 49% used [0x00000000a0000000,0x00000000a1df37d8,0x00000000a3c00000)
 Metaspace       used 57023K, capacity 59034K, committed 59096K, reserved 1099776K
  class space    used 7879K, capacity 8356K, committed 8408K, reserved 1048576K
}
Event: 54.860 GC heap before
{Heap before GC invocations=19 (full 3):
 PSYoungGen      total 156160K, used 1088K [0x00000000e0000000, 0x00000000eab80000, 0x0000000100000000)
  eden space 141824K, 0% used [0x00000000e0000000,0x00000000e0000000,0x00000000e8a80000)
  from space 14336K, 7% used [0x00000000e9880000,0x00000000e9990010,0x00000000ea680000)
  to   space 14336K, 0% used [0x00000000e8a80000,0x00000000e8a80000,0x00000000e9880000)
 ParOldGen       total 61440K, used 30669K [0x00000000a0000000, 0x00000000a3c00000, 0x00000000e0000000)
  object space 61440K, 49% used [0x00000000a0000000,0x00000000a1df37d8,0x00000000a3c00000)
 Metaspace       used 57023K, capacity 59034K, committed 59096K, reserved 1099776K
  class space    used 7879K, capacity 8356K, committed 8408K, reserved 1048576K
Event: 55.489 GC heap after
Heap after GC invocations=19 (full 3):
 PSYoungGen      total 156160K, used 0K [0x00000000e0000000, 0x00000000eab80000, 0x0000000100000000)
  eden space 141824K, 0% used [0x00000000e0000000,0x00000000e0000000,0x00000000e8a80000)
  from space 14336K, 0% used [0x00000000e9880000,0x00000000e9880000,0x00000000ea680000)
  to   space 14336K, 0% used [0x00000000e8a80000,0x00000000e8a80000,0x00000000e9880000)
 ParOldGen       total 92672K, used 30494K [0x00000000a0000000, 0x00000000a5a80000, 0x00000000e0000000)
  object space 92672K, 32% used [0x00000000a0000000,0x00000000a1dc7b38,0x00000000a5a80000)
 Metaspace       used 56978K, capacity 58916K, committed 59096K, reserved 1099776K
  class space    used 7866K, capacity 8333K, committed 8408K, reserved 1048576K
}
Event: 60.622 GC heap before
{Heap before GC invocations=20 (full 3):
 PSYoungGen      total 156160K, used 141824K [0x00000000e0000000, 0x00000000eab80000, 0x0000000100000000)
  eden space 141824K, 100% used [0x00000000e0000000,0x00000000e8a80000,0x00000000e8a80000)
  from space 14336K, 0% used [0x00000000e9880000,0x00000000e9880000,0x00000000ea680000)
  to   space 14336K, 0% used [0x00000000e8a80000,0x00000000e8a80000,0x00000000e9880000)
 ParOldGen       total 92672K, used 30494K [0x00000000a0000000, 0x00000000a5a80000, 0x00000000e0000000)
  object space 92672K, 32% used [0x00000000a0000000,0x00000000a1dc7b38,0x00000000a5a80000)
 Metaspace       used 64048K, capacity 66278K, committed 66392K, reserved 1105920K
  class space    used 8770K, capacity 9302K, committed 9304K, reserved 1048576K
Event: 60.652 GC heap after
Heap after GC invocations=20 (full 3):
 PSYoungGen      total 156160K, used 14324K [0x00000000e0000000, 0x00000000ec780000, 0x0000000100000000)
  eden space 141824K, 0% used [0x00000000e0000000,0x00000000e0000000,0x00000000e8a80000)
  from space 14336K, 99% used [0x00000000e8a80000,0x00000000e987d0e8,0x00000000e9880000)
  to   space 17920K, 0% used [0x00000000eb600000,0x00000000eb600000,0x00000000ec780000)
 ParOldGen       total 92672K, used 32976K [0x00000000a0000000, 0x00000000a5a80000, 0x00000000e0000000)
  object space 92672K, 35% used [0x00000000a0000000,0x00000000a20342e0,0x00000000a5a80000)
 Metaspace       used 64048K, capacity 66278K, committed 66392K, reserved 1105920K
  class space    used 8770K, capacity 9302K, committed 9304K, reserved 1048576K
}
Event: 67.192 GC heap before
{Heap before GC invocations=21 (full 3):
 PSYoungGen      total 156160K, used 156148K [0x00000000e0000000, 0x00000000ec780000, 0x0000000100000000)
  eden space 141824K, 100% used [0x00000000e0000000,0x00000000e8a80000,0x00000000e8a80000)
  from space 14336K, 99% used [0x00000000e8a80000,0x00000000e987d0e8,0x00000000e9880000)
  to   space 17920K, 0% used [0x00000000eb600000,0x00000000eb600000,0x00000000ec780000)
 ParOldGen       total 92672K, used 32976K [0x00000000a0000000, 0x00000000a5a80000, 0x00000000e0000000)
  object space 92672K, 35% used [0x00000000a0000000,0x00000000a20342e0,0x00000000a5a80000)
 Metaspace       used 72629K, capacity 75596K, committed 75736K, reserved 1114112K
  class space    used 10041K, capacity 10661K, committed 10712K, reserved 1048576K
Event: 67.308 GC heap after
Heap after GC invocations=21 (full 3):
 PSYoungGen      total 172544K, used 17901K [0x00000000e0000000, 0x00000000ee280000, 0x0000000100000000)
  eden space 154624K, 0% used [0x00000000e0000000,0x00000000e0000000,0x00000000e9700000)
  from space 17920K, 99% used [0x00000000eb600000,0x00000000ec77b550,0x00000000ec780000)
  to   space 31744K, 0% used [0x00000000e9700000,0x00000000e9700000,0x00000000eb600000)
 ParOldGen       total 92672K, used 63750K [0x00000000a0000000, 0x00000000a5a80000, 0x00000000e0000000)
  object space 92672K, 68% used [0x00000000a0000000,0x00000000a3e41ae0,0x00000000a5a80000)
 Metaspace       used 72629K, capacity 75596K, committed 75736K, reserved 1114112K
  class space    used 10041K, capacity 10661K, committed 10712K, reserved 1048576K
}

