# JRE version: OpenJDK Runtime Environment (8.0_212-b04) (build 1.8.0_212-release-1586-b04)
# Java VM: OpenJDK 64-Bit Server VM (25.212-b04 mixed mode windows-amd64 compressed oops)
Heap:
 PSYoungGen      total 320512K, used 98111K [0x00000000e0000000, 0x00000000f6d00000, 0x0000000100000000)
  eden space 296960K, 27% used [0x00000000e0000000,0x00000000e512bda0,0x00000000f2200000)
  from space 23552K, 63% used [0x00000000f5600000,0x00000000f64a3f70,0x00000000f6d00000)
  to   space 38400K, 0% used [0x00000000f2200000,0x00000000f2200000,0x00000000f4780000)
 ParOldGen       total 130048K, used 101859K [0x00000000a0000000, 0x00000000a7f00000, 0x00000000e0000000)
  object space 130048K, 78% used [0x00000000a0000000,0x00000000a6378f58,0x00000000a7f00000)
 Metaspace       used 101485K, capacity 108134K, committed 109144K, reserved 1144832K
  class space    used 12563K, capacity 13714K, committed 14168K, reserved 1048576K
GC Heap History (10 events):
Event: 38913.724 GC heap before
{Heap before GC invocations=179 (full 7):
 PSYoungGen      total 286720K, used 246748K [0x00000000e0000000, 0x00000000f6e80000, 0x0000000100000000)
  eden space 237568K, 100% used [0x00000000e0000000,0x00000000ee800000,0x00000000ee800000)
  from space 49152K, 18% used [0x00000000ee800000,0x00000000ef0f7160,0x00000000f1800000)
  to   space 47616K, 0% used [0x00000000f4000000,0x00000000f4000000,0x00000000f6e80000)
 ParOldGen       total 130048K, used 98131K [0x00000000a0000000, 0x00000000a7f00000, 0x00000000e0000000)
  object space 130048K, 75% used [0x00000000a0000000,0x00000000a5fd4f38,0x00000000a7f00000)
 Metaspace       used 101411K, capacity 108066K, committed 109144K, reserved 1144832K
  class space    used 12563K, capacity 13714K, committed 14168K, reserved 1048576K
Event: 38914.012 GC heap after
Heap after GC invocations=179 (full 7):
 PSYoungGen      total 323584K, used 8270K [0x00000000e0000000, 0x00000000f6b80000, 0x0000000100000000)
  eden space 279040K, 0% used [0x00000000e0000000,0x00000000e0000000,0x00000000f1080000)
  from space 44544K, 18% used [0x00000000f4000000,0x00000000f4813968,0x00000000f6b80000)
  to   space 46592K, 0% used [0x00000000f1080000,0x00000000f1080000,0x00000000f3e00000)
 ParOldGen       total 130048K, used 98267K [0x00000000a0000000, 0x00000000a7f00000, 0x00000000e0000000)
  object space 130048K, 75% used [0x00000000a0000000,0x00000000a5ff6fa0,0x00000000a7f00000)
 Metaspace       used 101411K, capacity 108066K, committed 109144K, reserved 1144832K
  class space    used 12563K, capacity 13714K, committed 14168K, reserved 1048576K
}
Event: 39060.677 GC heap before
{Heap before GC invocations=180 (full 7):
 PSYoungGen      total 323584K, used 287310K [0x00000000e0000000, 0x00000000f6b80000, 0x0000000100000000)
  eden space 279040K, 100% used [0x00000000e0000000,0x00000000f1080000,0x00000000f1080000)
  from space 44544K, 18% used [0x00000000f4000000,0x00000000f4813968,0x00000000f6b80000)
  to   space 46592K, 0% used [0x00000000f1080000,0x00000000f1080000,0x00000000f3e00000)
 ParOldGen       total 130048K, used 98267K [0x00000000a0000000, 0x00000000a7f00000, 0x00000000e0000000)
  object space 130048K, 75% used [0x00000000a0000000,0x00000000a5ff6fa0,0x00000000a7f00000)
 Metaspace       used 101436K, capacity 108066K, committed 109144K, reserved 1144832K
  class space    used 12563K, capacity 13714K, committed 14168K, reserved 1048576K
Event: 39060.781 GC heap after
Heap after GC invocations=180 (full 7):
 PSYoungGen      total 325632K, used 17505K [0x00000000e0000000, 0x00000000f9300000, 0x0000000100000000)
  eden space 279040K, 0% used [0x00000000e0000000,0x00000000e0000000,0x00000000f1080000)
  from space 46592K, 37% used [0x00000000f1080000,0x00000000f2198498,0x00000000f3e00000)
  to   space 43520K, 0% used [0x00000000f6880000,0x00000000f6880000,0x00000000f9300000)
 ParOldGen       total 130048K, used 98315K [0x00000000a0000000, 0x00000000a7f00000, 0x00000000e0000000)
  object space 130048K, 75% used [0x00000000a0000000,0x00000000a6002fa0,0x00000000a7f00000)
 Metaspace       used 101436K, capacity 108066K, committed 109144K, reserved 1144832K
  class space    used 12563K, capacity 13714K, committed 14168K, reserved 1048576K
}
Event: 40801.938 GC heap before
{Heap before GC invocations=181 (full 7):
 PSYoungGen      total 325632K, used 296545K [0x00000000e0000000, 0x00000000f9300000, 0x0000000100000000)
  eden space 279040K, 100% used [0x00000000e0000000,0x00000000f1080000,0x00000000f1080000)
  from space 46592K, 37% used [0x00000000f1080000,0x00000000f2198498,0x00000000f3e00000)
  to   space 43520K, 0% used [0x00000000f6880000,0x00000000f6880000,0x00000000f9300000)
 ParOldGen       total 130048K, used 98315K [0x00000000a0000000, 0x00000000a7f00000, 0x00000000e0000000)
  object space 130048K, 75% used [0x00000000a0000000,0x00000000a6002fa0,0x00000000a7f00000)
 Metaspace       used 101458K, capacity 108070K, committed 109144K, reserved 1144832K
  class space    used 12563K, capacity 13714K, committed 14168K, reserved 1048576K
Event: 40802.432 GC heap after
Heap after GC invocations=181 (full 7):
 PSYoungGen      total 360960K, used 19976K [0x00000000e0000000, 0x00000000f8d80000, 0x0000000100000000)
  eden space 323072K, 0% used [0x00000000e0000000,0x00000000e0000000,0x00000000f3b80000)
  from space 37888K, 52% used [0x00000000f6880000,0x00000000f7c02020,0x00000000f8d80000)
  to   space 41984K, 0% used [0x00000000f3b80000,0x00000000f3b80000,0x00000000f6480000)
 ParOldGen       total 130048K, used 101586K [0x00000000a0000000, 0x00000000a7f00000, 0x00000000e0000000)
  object space 130048K, 78% used [0x00000000a0000000,0x00000000a6334bc0,0x00000000a7f00000)
 Metaspace       used 101458K, capacity 108070K, committed 109144K, reserved 1144832K
  class space    used 12563K, capacity 13714K, committed 14168K, reserved 1048576K
}
Event: 40919.581 GC heap before
{Heap before GC invocations=182 (full 7):
 PSYoungGen      total 360960K, used 343048K [0x00000000e0000000, 0x00000000f8d80000, 0x0000000100000000)
  eden space 323072K, 100% used [0x00000000e0000000,0x00000000f3b80000,0x00000000f3b80000)
  from space 37888K, 52% used [0x00000000f6880000,0x00000000f7c02020,0x00000000f8d80000)
  to   space 41984K, 0% used [0x00000000f3b80000,0x00000000f3b80000,0x00000000f6480000)
 ParOldGen       total 130048K, used 101586K [0x00000000a0000000, 0x00000000a7f00000, 0x00000000e0000000)
  object space 130048K, 78% used [0x00000000a0000000,0x00000000a6334bc0,0x00000000a7f00000)
 Metaspace       used 101482K, capacity 108134K, committed 109144K, reserved 1144832K
  class space    used 12563K, capacity 13714K, committed 14168K, reserved 1048576K
Event: 40919.753 GC heap after
Heap after GC invocations=182 (full 7):
 PSYoungGen      total 324096K, used 14224K [0x00000000e0000000, 0x00000000f7d80000, 0x0000000100000000)
  eden space 309760K, 0% used [0x00000000e0000000,0x00000000e0000000,0x00000000f2e80000)
  from space 14336K, 99% used [0x00000000f3b80000,0x00000000f49640f8,0x00000000f4980000)
  to   space 40448K, 0% used [0x00000000f5600000,0x00000000f5600000,0x00000000f7d80000)
 ParOldGen       total 130048K, used 101763K [0x00000000a0000000, 0x00000000a7f00000, 0x00000000e0000000)
  object space 130048K, 78% used [0x00000000a0000000,0x00000000a6360f58,0x00000000a7f00000)
 Metaspace       used 101482K, capacity 108134K, committed 109144K, reserved 1144832K
  class space    used 12563K, capacity 13714K, committed 14168K, reserved 1048576K
}
Event: 41267.241 GC heap before
{Heap before GC invocations=183 (full 7):
 PSYoungGen      total 324096K, used 323984K [0x00000000e0000000, 0x00000000f7d80000, 0x0000000100000000)
  eden space 309760K, 100% used [0x00000000e0000000,0x00000000f2e80000,0x00000000f2e80000)
  from space 14336K, 99% used [0x00000000f3b80000,0x00000000f49640f8,0x00000000f4980000)
  to   space 40448K, 0% used [0x00000000f5600000,0x00000000f5600000,0x00000000f7d80000)
 ParOldGen       total 130048K, used 101763K [0x00000000a0000000, 0x00000000a7f00000, 0x00000000e0000000)
  object space 130048K, 78% used [0x00000000a0000000,0x00000000a6360f58,0x00000000a7f00000)
 Metaspace       used 101484K, capacity 108134K, committed 109144K, reserved 1144832K
  class space    used 12563K, capacity 13714K, committed 14168K, reserved 1048576K
Event: 41267.340 GC heap after
Heap after GC invocations=183 (full 7):
 PSYoungGen      total 320512K, used 14991K [0x00000000e0000000, 0x00000000f6d00000, 0x0000000100000000)
  eden space 296960K, 0% used [0x00000000e0000000,0x00000000e0000000,0x00000000f2200000)
  from space 23552K, 63% used [0x00000000f5600000,0x00000000f64a3f70,0x00000000f6d00000)
  to   space 38400K, 0% used [0x00000000f2200000,0x00000000f2200000,0x00000000f4780000)
 ParOldGen       total 130048K, used 101859K [0x00000000a0000000, 0x00000000a7f00000, 0x00000000e0000000)
  object space 130048K, 78% used [0x00000000a0000000,0x00000000a6378f58,0x00000000a7f00000)
 Metaspace       used 101484K, capacity 108134K, committed 109144K, reserved 1144832K
  class space    used 12563K, capacity 13714K, committed 14168K, reserved 1048576K
}

